[ 2017-12-27T11:43:13+08:00 ] 120.236.178.120 /h5/html/zydt20170614/haha/
INFO: [ app_init ] --START--
INFO: Run Behavior\BuildLiteBehavior [ RunTime:0.000000s ]
INFO: [ app_init ] --END-- [ RunTime:0.000000s ]
INFO: [ app_begin ] --START--
INFO: Run Behavior\ReadHtmlCacheBehavior [ RunTime:0.000000s ]
INFO: [ app_begin ] --END-- [ RunTime:0.000000s ]
NOTIC: [8] Undefined index: uri D:\wwwroot\mrgcgz\wwwroot\h5\html\zydt20170614\haha\Application\Home\Controller\IndexController.class.php 第 22 行.
NOTIC: [2] fopen(d:\wwwroot\mrgcgz\wwwroot/h5/html/zydt20170614/haha/Uploads/): failed to open stream: No such file or directory D:\wwwroot\mrgcgz\wwwroot\h5\html\zydt20170614\haha\ThinkPHP\Library\Vendor\Qiniu\Storage\UploadManager.class.php 第 89 行.
ERR: file can not open

[ 2017-12-27T11:43:53+08:00 ] 120.236.178.120 /h5/html/zydt20170614/haha/index.php
INFO: [ app_init ] --START--
INFO: Run Behavior\BuildLiteBehavior [ RunTime:0.000000s ]
INFO: [ app_init ] --END-- [ RunTime:0.015625s ]
INFO: [ app_begin ] --START--
INFO: Run Behavior\ReadHtmlCacheBehavior [ RunTime:0.000000s ]
INFO: [ app_begin ] --END-- [ RunTime:0.000000s ]
NOTIC: [8] Undefined index: uri D:\wwwroot\mrgcgz\wwwroot\h5\html\zydt20170614\haha\Application\Home\Controller\IndexController.class.php 第 22 行.
NOTIC: [2] fopen(d:\wwwroot\mrgcgz\wwwroot/h5/html/zydt20170614/haha/Uploads/): failed to open stream: No such file or directory D:\wwwroot\mrgcgz\wwwroot\h5\html\zydt20170614\haha\ThinkPHP\Library\Vendor\Qiniu\Storage\UploadManager.class.php 第 89 行.
ERR: file can not open

[ 2017-12-27T11:54:14+08:00 ] 120.236.178.120 /h5/html/zydt20170614/haha/index.php/
INFO: [ app_init ] --START--
INFO: Run Behavior\BuildLiteBehavior [ RunTime:0.000000s ]
INFO: [ app_init ] --END-- [ RunTime:0.000000s ]
INFO: [ app_begin ] --START--
INFO: Run Behavior\ReadHtmlCacheBehavior [ RunTime:0.000000s ]
INFO: [ app_begin ] --END-- [ RunTime:0.000000s ]
NOTIC: [8] Undefined index: uri D:\wwwroot\mrgcgz\wwwroot\h5\html\zydt20170614\haha\Application\Home\Controller\IndexController.class.php 第 22 行.
NOTIC: [2] fopen(d:\wwwroot\mrgcgz\wwwroot/h5/html/zydt20170614/haha/Uploads/): failed to open stream: No such file or directory D:\wwwroot\mrgcgz\wwwroot\h5\html\zydt20170614\haha\ThinkPHP\Library\Vendor\Qiniu\Storage\UploadManager.class.php 第 89 行.
ERR: file can not open

[ 2017-12-27T11:54:19+08:00 ] 120.236.178.120 /h5/html/zydt20170614/haha/index.php/home/
INFO: [ app_init ] --START--
INFO: Run Behavior\BuildLiteBehavior [ RunTime:0.000000s ]
INFO: [ app_init ] --END-- [ RunTime:0.000000s ]
INFO: [ app_begin ] --START--
INFO: Run Behavior\ReadHtmlCacheBehavior [ RunTime:0.000000s ]
INFO: [ app_begin ] --END-- [ RunTime:0.000000s ]
NOTIC: [8] Undefined index: uri D:\wwwroot\mrgcgz\wwwroot\h5\html\zydt20170614\haha\Application\Home\Controller\IndexController.class.php 第 22 行.
NOTIC: [2] fopen(d:\wwwroot\mrgcgz\wwwroot/h5/html/zydt20170614/haha/Uploads/): failed to open stream: No such file or directory D:\wwwroot\mrgcgz\wwwroot\h5\html\zydt20170614\haha\ThinkPHP\Library\Vendor\Qiniu\Storage\UploadManager.class.php 第 89 行.
ERR: file can not open

