[ 2018-08-31T17:00:52+08:00 ] 120.236.178.120 /h5/html/jzyy20180823/haha/index.php/Home/Index/index/uri/201808311656484621.amr
INFO: [ app_init ] --START--
INFO: Run Behavior\BuildLiteBehavior [ RunTime:0.000000s ]
INFO: [ app_init ] --END-- [ RunTime:0.000000s ]
INFO: [ app_begin ] --START--
INFO: Run Behavior\ReadHtmlCacheBehavior [ RunTime:0.000000s ]
INFO: [ app_begin ] --END-- [ RunTime:0.000000s ]
INFO: [ app_end ] --START--
INFO: Run Behavior\ShowPageTraceBehavior [ RunTime:0.000000s ]
INFO: [ app_end ] --END-- [ RunTime:0.000000s ]

[ 2018-08-31T17:04:59+08:00 ] 120.236.178.120 /h5/html/jzyy20180823/haha/index.php/Home/Index/index/uri/201808311656484621.amr
INFO: [ app_init ] --START--
INFO: Run Behavior\BuildLiteBehavior [ RunTime:0.000000s ]
INFO: [ app_init ] --END-- [ RunTime:0.015625s ]
INFO: [ app_begin ] --START--
INFO: Run Behavior\ReadHtmlCacheBehavior [ RunTime:0.000000s ]
INFO: [ app_begin ] --END-- [ RunTime:0.000000s ]
INFO: [ app_end ] --START--
INFO: Run Behavior\ShowPageTraceBehavior [ RunTime:0.000000s ]
INFO: [ app_end ] --END-- [ RunTime:0.000000s ]

[ 2018-08-31T17:05:02+08:00 ] 120.236.178.120 /h5/html/jzyy20180823/haha/index.php/Home/Index/index/uri/201808311656484621.amr
INFO: [ app_init ] --START--
INFO: Run Behavior\BuildLiteBehavior [ RunTime:0.000000s ]
INFO: [ app_init ] --END-- [ RunTime:0.000000s ]
INFO: [ app_begin ] --START--
INFO: Run Behavior\ReadHtmlCacheBehavior [ RunTime:0.000000s ]
INFO: [ app_begin ] --END-- [ RunTime:0.000000s ]
INFO: [ app_end ] --START--
INFO: Run Behavior\ShowPageTraceBehavior [ RunTime:0.000000s ]
INFO: [ app_end ] --END-- [ RunTime:0.000000s ]

[ 2018-08-31T17:05:04+08:00 ] 120.236.178.120 /h5/html/jzyy20180823/haha/index.php/Home/Index/index/uri/201808311656484621.amr
INFO: [ app_init ] --START--
INFO: Run Behavior\BuildLiteBehavior [ RunTime:0.000000s ]
INFO: [ app_init ] --END-- [ RunTime:0.000000s ]
INFO: [ app_begin ] --START--
INFO: Run Behavior\ReadHtmlCacheBehavior [ RunTime:0.000000s ]
INFO: [ app_begin ] --END-- [ RunTime:0.000000s ]
INFO: [ app_end ] --START--
INFO: Run Behavior\ShowPageTraceBehavior [ RunTime:0.000000s ]
INFO: [ app_end ] --END-- [ RunTime:0.000000s ]

[ 2018-08-31T17:06:46+08:00 ] 120.236.178.120 /h5/html/jzyy20180823/haha/index.php/Home/Index/index/uri/201808311656484621.amr
INFO: [ app_init ] --START--
INFO: Run Behavior\BuildLiteBehavior [ RunTime:0.000000s ]
INFO: [ app_init ] --END-- [ RunTime:0.000000s ]
INFO: [ app_begin ] --START--
INFO: Run Behavior\ReadHtmlCacheBehavior [ RunTime:0.000000s ]
INFO: [ app_begin ] --END-- [ RunTime:0.000000s ]
INFO: [ app_end ] --START--
INFO: Run Behavior\ShowPageTraceBehavior [ RunTime:0.000000s ]
INFO: [ app_end ] --END-- [ RunTime:0.000000s ]

[ 2018-08-31T17:06:48+08:00 ] 120.236.178.120 /h5/html/jzyy20180823/haha/index.php/Home/Index/index/uri/201808311656484621.amr
INFO: [ app_init ] --START--
INFO: Run Behavior\BuildLiteBehavior [ RunTime:0.000000s ]
INFO: [ app_init ] --END-- [ RunTime:0.000000s ]
INFO: [ app_begin ] --START--
INFO: Run Behavior\ReadHtmlCacheBehavior [ RunTime:0.000000s ]
INFO: [ app_begin ] --END-- [ RunTime:0.000000s ]
INFO: [ app_end ] --START--
INFO: Run Behavior\ShowPageTraceBehavior [ RunTime:0.000000s ]
INFO: [ app_end ] --END-- [ RunTime:0.000000s ]

[ 2018-08-31T17:07:58+08:00 ] 120.236.178.120 /h5/html/jzyy20180823/haha/index.php/Home/Index/index/uri/201808311656484621.amr
INFO: [ app_init ] --START--
INFO: Run Behavior\BuildLiteBehavior [ RunTime:0.000000s ]
INFO: [ app_init ] --END-- [ RunTime:0.000000s ]
INFO: [ app_begin ] --START--
INFO: Run Behavior\ReadHtmlCacheBehavior [ RunTime:0.000000s ]
INFO: [ app_begin ] --END-- [ RunTime:0.000000s ]
INFO: [ app_end ] --START--
INFO: Run Behavior\ShowPageTraceBehavior [ RunTime:0.000000s ]
INFO: [ app_end ] --END-- [ RunTime:0.000000s ]

[ 2018-08-31T17:07:58+08:00 ] 120.236.178.120 /h5/html/jzyy20180823/haha/index.php/Home/Index/index/uri/201808311656484621.amr
INFO: [ app_init ] --START--
INFO: Run Behavior\BuildLiteBehavior [ RunTime:0.000000s ]
INFO: [ app_init ] --END-- [ RunTime:0.000000s ]
INFO: [ app_begin ] --START--
INFO: Run Behavior\ReadHtmlCacheBehavior [ RunTime:0.000000s ]
INFO: [ app_begin ] --END-- [ RunTime:0.000000s ]
INFO: [ app_end ] --START--
INFO: Run Behavior\ShowPageTraceBehavior [ RunTime:0.000000s ]
INFO: [ app_end ] --END-- [ RunTime:0.000000s ]

[ 2018-08-31T17:08:00+08:00 ] 120.236.178.120 /h5/html/jzyy20180823/haha/index.php/Home/Index/index/uri/201808311656484621.amr
INFO: [ app_init ] --START--
INFO: Run Behavior\BuildLiteBehavior [ RunTime:0.000000s ]
INFO: [ app_init ] --END-- [ RunTime:0.000000s ]
INFO: [ app_begin ] --START--
INFO: Run Behavior\ReadHtmlCacheBehavior [ RunTime:0.000000s ]
INFO: [ app_begin ] --END-- [ RunTime:0.000000s ]
INFO: [ app_end ] --START--
INFO: Run Behavior\ShowPageTraceBehavior [ RunTime:0.000000s ]
INFO: [ app_end ] --END-- [ RunTime:0.000000s ]

[ 2018-08-31T17:08:01+08:00 ] 120.236.178.120 /h5/html/jzyy20180823/haha/index.php/Home/Index/index/uri/201808311656484621.amr
INFO: [ app_init ] --START--
INFO: Run Behavior\BuildLiteBehavior [ RunTime:0.000000s ]
INFO: [ app_init ] --END-- [ RunTime:0.000000s ]
INFO: [ app_begin ] --START--
INFO: Run Behavior\ReadHtmlCacheBehavior [ RunTime:0.000000s ]
INFO: [ app_begin ] --END-- [ RunTime:0.000000s ]
INFO: [ app_end ] --START--
INFO: Run Behavior\ShowPageTraceBehavior [ RunTime:0.000000s ]
INFO: [ app_end ] --END-- [ RunTime:0.000000s ]

[ 2018-08-31T18:41:55+08:00 ] 42.236.10.78 /h5/html/jzyy20180823/haha/index.php/Home/Index/index/uri/201808311656484621.amr
INFO: [ app_init ] --START--
INFO: Run Behavior\BuildLiteBehavior [ RunTime:0.000000s ]
INFO: [ app_init ] --END-- [ RunTime:0.000000s ]
INFO: [ app_begin ] --START--
INFO: Run Behavior\ReadHtmlCacheBehavior [ RunTime:0.000000s ]
INFO: [ app_begin ] --END-- [ RunTime:0.000000s ]
NOTIC: [2] fopen(d:\wwwroot\mrgcgz\wwwroot/h5/html/jzyy20180823/haha/Uploads/201808311656484621.amr): failed to open stream: No such file or directory D:\wwwroot\mrgcgz\wwwroot\h5\html\jzyy20180823\haha\ThinkPHP\Library\Vendor\Qiniu\Storage\UploadManager.class.php 第 89 行.
ERR: file can not open

[ 2018-08-31T18:42:09+08:00 ] 101.199.112.51 /h5/html/jzyy20180823/haha/index.php/Home/Index/index/uri/201808311656484621.amr
INFO: [ app_init ] --START--
INFO: Run Behavior\BuildLiteBehavior [ RunTime:0.000000s ]
INFO: [ app_init ] --END-- [ RunTime:0.000000s ]
INFO: [ app_begin ] --START--
INFO: Run Behavior\ReadHtmlCacheBehavior [ RunTime:0.000000s ]
INFO: [ app_begin ] --END-- [ RunTime:0.000000s ]
NOTIC: [2] fopen(d:\wwwroot\mrgcgz\wwwroot/h5/html/jzyy20180823/haha/Uploads/201808311656484621.amr): failed to open stream: No such file or directory D:\wwwroot\mrgcgz\wwwroot\h5\html\jzyy20180823\haha\ThinkPHP\Library\Vendor\Qiniu\Storage\UploadManager.class.php 第 89 行.
ERR: file can not open

[ 2018-08-31T18:42:23+08:00 ] 101.199.112.51 /h5/html/jzyy20180823/haha/index.php/Home/Index/index/uri/201808311656484621.amr
INFO: [ app_init ] --START--
INFO: Run Behavior\BuildLiteBehavior [ RunTime:0.000000s ]
INFO: [ app_init ] --END-- [ RunTime:0.015625s ]
INFO: [ app_begin ] --START--
INFO: Run Behavior\ReadHtmlCacheBehavior [ RunTime:0.000000s ]
INFO: [ app_begin ] --END-- [ RunTime:0.000000s ]
NOTIC: [2] fopen(d:\wwwroot\mrgcgz\wwwroot/h5/html/jzyy20180823/haha/Uploads/201808311656484621.amr): failed to open stream: No such file or directory D:\wwwroot\mrgcgz\wwwroot\h5\html\jzyy20180823\haha\ThinkPHP\Library\Vendor\Qiniu\Storage\UploadManager.class.php 第 89 行.
ERR: file can not open

[ 2018-08-31T18:42:23+08:00 ] 101.199.112.51 /h5/html/jzyy20180823/haha/index.php/Home/Index/index/uri/201808311656484621.amr
INFO: [ app_init ] --START--
INFO: Run Behavior\BuildLiteBehavior [ RunTime:0.000000s ]
INFO: [ app_init ] --END-- [ RunTime:0.000000s ]
INFO: [ app_begin ] --START--
INFO: Run Behavior\ReadHtmlCacheBehavior [ RunTime:0.000000s ]
INFO: [ app_begin ] --END-- [ RunTime:0.000000s ]
NOTIC: [2] fopen(d:\wwwroot\mrgcgz\wwwroot/h5/html/jzyy20180823/haha/Uploads/201808311656484621.amr): failed to open stream: No such file or directory D:\wwwroot\mrgcgz\wwwroot\h5\html\jzyy20180823\haha\ThinkPHP\Library\Vendor\Qiniu\Storage\UploadManager.class.php 第 89 行.
ERR: file can not open

[ 2018-08-31T18:42:27+08:00 ] 101.199.112.51 /h5/html/jzyy20180823/haha/index.php/Home/Index/index/uri/201808311656484621.amr
INFO: [ app_init ] --START--
INFO: Run Behavior\BuildLiteBehavior [ RunTime:0.000000s ]
INFO: [ app_init ] --END-- [ RunTime:0.000000s ]
INFO: [ app_begin ] --START--
INFO: Run Behavior\ReadHtmlCacheBehavior [ RunTime:0.000000s ]
INFO: [ app_begin ] --END-- [ RunTime:0.000000s ]
NOTIC: [2] fopen(d:\wwwroot\mrgcgz\wwwroot/h5/html/jzyy20180823/haha/Uploads/201808311656484621.amr): failed to open stream: No such file or directory D:\wwwroot\mrgcgz\wwwroot\h5\html\jzyy20180823\haha\ThinkPHP\Library\Vendor\Qiniu\Storage\UploadManager.class.php 第 89 行.
ERR: file can not open

[ 2018-08-31T18:42:40+08:00 ] 101.199.112.51 /h5/html/jzyy20180823/haha/index.php/Home/Index/index/uri/201808311656484621.amr
INFO: [ app_init ] --START--
INFO: Run Behavior\BuildLiteBehavior [ RunTime:0.000000s ]
INFO: [ app_init ] --END-- [ RunTime:0.000000s ]
INFO: [ app_begin ] --START--
INFO: Run Behavior\ReadHtmlCacheBehavior [ RunTime:0.015625s ]
INFO: [ app_begin ] --END-- [ RunTime:0.015625s ]
NOTIC: [2] fopen(d:\wwwroot\mrgcgz\wwwroot/h5/html/jzyy20180823/haha/Uploads/201808311656484621.amr): failed to open stream: No such file or directory D:\wwwroot\mrgcgz\wwwroot\h5\html\jzyy20180823\haha\ThinkPHP\Library\Vendor\Qiniu\Storage\UploadManager.class.php 第 89 行.
ERR: file can not open

[ 2018-08-31T18:42:40+08:00 ] 101.199.112.51 /h5/html/jzyy20180823/haha/index.php/Home/Index/index/uri/201808311656484621.amr
INFO: [ app_init ] --START--
INFO: Run Behavior\BuildLiteBehavior [ RunTime:0.000000s ]
INFO: [ app_init ] --END-- [ RunTime:0.000000s ]
INFO: [ app_begin ] --START--
INFO: Run Behavior\ReadHtmlCacheBehavior [ RunTime:0.000000s ]
INFO: [ app_begin ] --END-- [ RunTime:0.000000s ]
NOTIC: [2] fopen(d:\wwwroot\mrgcgz\wwwroot/h5/html/jzyy20180823/haha/Uploads/201808311656484621.amr): failed to open stream: No such file or directory D:\wwwroot\mrgcgz\wwwroot\h5\html\jzyy20180823\haha\ThinkPHP\Library\Vendor\Qiniu\Storage\UploadManager.class.php 第 89 行.
ERR: file can not open

[ 2018-08-31T18:55:25+08:00 ] 120.236.178.120 /h5/html/jzyy20180823/haha/index.php/Home/Index/index/uri/201808311656484621.amr
INFO: [ app_init ] --START--
INFO: Run Behavior\BuildLiteBehavior [ RunTime:0.000000s ]
INFO: [ app_init ] --END-- [ RunTime:0.000000s ]
INFO: [ app_begin ] --START--
INFO: Run Behavior\ReadHtmlCacheBehavior [ RunTime:0.000000s ]
INFO: [ app_begin ] --END-- [ RunTime:0.000000s ]
NOTIC: [2] fopen(d:\wwwroot\mrgcgz\wwwroot/h5/html/jzyy20180823/haha/Uploads/201808311656484621.amr): failed to open stream: No such file or directory D:\wwwroot\mrgcgz\wwwroot\h5\html\jzyy20180823\haha\ThinkPHP\Library\Vendor\Qiniu\Storage\UploadManager.class.php 第 89 行.
ERR: file can not open

[ 2018-08-31T18:55:55+08:00 ] 120.236.178.120 /h5/html/jzyy20180823/haha/index.php/Home/Index/index/uri/201808311848284602.amr
INFO: [ app_init ] --START--
INFO: Run Behavior\BuildLiteBehavior [ RunTime:0.000000s ]
INFO: [ app_init ] --END-- [ RunTime:0.015625s ]
INFO: [ app_begin ] --START--
INFO: Run Behavior\ReadHtmlCacheBehavior [ RunTime:0.000000s ]
INFO: [ app_begin ] --END-- [ RunTime:0.000000s ]
INFO: [ app_end ] --START--
INFO: Run Behavior\ShowPageTraceBehavior [ RunTime:0.000000s ]
INFO: [ app_end ] --END-- [ RunTime:0.000000s ]

[ 2018-08-31T19:00:04+08:00 ] 116.21.181.114 /h5/html/jzyy20180823/haha/index.php/Home/Index/index/uri/201808311848284602.amr
INFO: [ app_init ] --START--
INFO: Run Behavior\BuildLiteBehavior [ RunTime:0.000000s ]
INFO: [ app_init ] --END-- [ RunTime:0.000000s ]
INFO: [ app_begin ] --START--
INFO: Run Behavior\ReadHtmlCacheBehavior [ RunTime:0.000000s ]
INFO: [ app_begin ] --END-- [ RunTime:0.000000s ]
INFO: [ app_end ] --START--
INFO: Run Behavior\ShowPageTraceBehavior [ RunTime:0.000000s ]
INFO: [ app_end ] --END-- [ RunTime:0.000000s ]

[ 2018-08-31T19:00:12+08:00 ] 120.236.178.120 /h5/html/jzyy20180823/haha/index.php/Home/Index/index/uri/201808311848284602.amr
INFO: [ app_init ] --START--
INFO: Run Behavior\BuildLiteBehavior [ RunTime:0.000000s ]
INFO: [ app_init ] --END-- [ RunTime:0.000000s ]
INFO: [ app_begin ] --START--
INFO: Run Behavior\ReadHtmlCacheBehavior [ RunTime:0.000000s ]
INFO: [ app_begin ] --END-- [ RunTime:0.000000s ]
INFO: [ app_end ] --START--
INFO: Run Behavior\ShowPageTraceBehavior [ RunTime:0.000000s ]
INFO: [ app_end ] --END-- [ RunTime:0.000000s ]

[ 2018-08-31T19:02:02+08:00 ] 120.236.178.120 /h5/html/jzyy20180823/haha/index.php/Home/Index/index/uri/201808311848284602.amr
INFO: [ app_init ] --START--
INFO: Run Behavior\BuildLiteBehavior [ RunTime:0.000000s ]
INFO: [ app_init ] --END-- [ RunTime:0.000000s ]
INFO: [ app_begin ] --START--
INFO: Run Behavior\ReadHtmlCacheBehavior [ RunTime:0.000000s ]
INFO: [ app_begin ] --END-- [ RunTime:0.000000s ]
INFO: [ app_end ] --START--
INFO: Run Behavior\ShowPageTraceBehavior [ RunTime:0.000000s ]
INFO: [ app_end ] --END-- [ RunTime:0.000000s ]

[ 2018-08-31T19:08:04+08:00 ] 120.236.178.120 /h5/html/jzyy20180823/haha/index.php/Home/Index/index/uri/201808311848284602.amr
INFO: [ app_init ] --START--
INFO: Run Behavior\BuildLiteBehavior [ RunTime:0.000000s ]
INFO: [ app_init ] --END-- [ RunTime:0.000000s ]
INFO: [ app_begin ] --START--
INFO: Run Behavior\ReadHtmlCacheBehavior [ RunTime:0.000000s ]
INFO: [ app_begin ] --END-- [ RunTime:0.000000s ]
INFO: [ app_end ] --START--
INFO: Run Behavior\ShowPageTraceBehavior [ RunTime:0.000000s ]
INFO: [ app_end ] --END-- [ RunTime:0.000000s ]

[ 2018-08-31T19:12:42+08:00 ] 120.236.178.120 /h5/html/jzyy20180823/haha/index.php/Home/Index/index/uri/201808311848284602.amr
INFO: [ app_init ] --START--
INFO: Run Behavior\BuildLiteBehavior [ RunTime:0.000000s ]
INFO: [ app_init ] --END-- [ RunTime:0.000000s ]
INFO: [ app_begin ] --START--
INFO: Run Behavior\ReadHtmlCacheBehavior [ RunTime:0.000000s ]
INFO: [ app_begin ] --END-- [ RunTime:0.000000s ]
INFO: [ app_end ] --START--
INFO: Run Behavior\ShowPageTraceBehavior [ RunTime:0.000000s ]
INFO: [ app_end ] --END-- [ RunTime:0.000000s ]

[ 2018-08-31T19:18:55+08:00 ] 120.236.178.120 /h5/html/jzyy20180823/haha/index.php/Home/Index/index/uri/201808311848284602.amr
INFO: [ app_init ] --START--
INFO: Run Behavior\BuildLiteBehavior [ RunTime:0.000000s ]
INFO: [ app_init ] --END-- [ RunTime:0.000000s ]
INFO: [ app_begin ] --START--
INFO: Run Behavior\ReadHtmlCacheBehavior [ RunTime:0.000000s ]
INFO: [ app_begin ] --END-- [ RunTime:0.000000s ]
INFO: [ app_end ] --START--
INFO: Run Behavior\ShowPageTraceBehavior [ RunTime:0.000000s ]
INFO: [ app_end ] --END-- [ RunTime:0.000000s ]

[ 2018-08-31T19:18:57+08:00 ] 120.236.178.120 /h5/html/jzyy20180823/haha/index.php/Home/Index/index/uri/201808311848284602.amr
INFO: [ app_init ] --START--
INFO: Run Behavior\BuildLiteBehavior [ RunTime:0.000000s ]
INFO: [ app_init ] --END-- [ RunTime:0.000000s ]
INFO: [ app_begin ] --START--
INFO: Run Behavior\ReadHtmlCacheBehavior [ RunTime:0.000000s ]
INFO: [ app_begin ] --END-- [ RunTime:0.000000s ]
INFO: [ app_end ] --START--
INFO: Run Behavior\ShowPageTraceBehavior [ RunTime:0.000000s ]
INFO: [ app_end ] --END-- [ RunTime:0.000000s ]

[ 2018-08-31T19:18:58+08:00 ] 120.236.178.120 /h5/html/jzyy20180823/haha/index.php/Home/Index/index/uri/201808311848284602.amr
INFO: [ app_init ] --START--
INFO: Run Behavior\BuildLiteBehavior [ RunTime:0.000000s ]
INFO: [ app_init ] --END-- [ RunTime:0.000000s ]
INFO: [ app_begin ] --START--
INFO: Run Behavior\ReadHtmlCacheBehavior [ RunTime:0.000000s ]
INFO: [ app_begin ] --END-- [ RunTime:0.000000s ]
INFO: [ app_end ] --START--
INFO: Run Behavior\ShowPageTraceBehavior [ RunTime:0.000000s ]
INFO: [ app_end ] --END-- [ RunTime:0.000000s ]

[ 2018-08-31T19:19:01+08:00 ] 120.236.178.120 /h5/html/jzyy20180823/haha/index.php/Home/Index/index/uri/201808311848284602.amr
INFO: [ app_init ] --START--
INFO: Run Behavior\BuildLiteBehavior [ RunTime:0.000000s ]
INFO: [ app_init ] --END-- [ RunTime:0.000000s ]
INFO: [ app_begin ] --START--
INFO: Run Behavior\ReadHtmlCacheBehavior [ RunTime:0.000000s ]
INFO: [ app_begin ] --END-- [ RunTime:0.000000s ]
INFO: [ app_end ] --START--
INFO: Run Behavior\ShowPageTraceBehavior [ RunTime:0.000000s ]
INFO: [ app_end ] --END-- [ RunTime:0.000000s ]

[ 2018-08-31T19:22:39+08:00 ] 120.236.178.120 /h5/html/jzyy20180823/haha/index.php/Home/Index/index/uri/201808311848284602.amr
INFO: [ app_init ] --START--
INFO: Run Behavior\BuildLiteBehavior [ RunTime:0.000000s ]
INFO: [ app_init ] --END-- [ RunTime:0.000000s ]
INFO: [ app_begin ] --START--
INFO: Run Behavior\ReadHtmlCacheBehavior [ RunTime:0.000000s ]
INFO: [ app_begin ] --END-- [ RunTime:0.000000s ]
INFO: [ app_end ] --START--
INFO: Run Behavior\ShowPageTraceBehavior [ RunTime:0.000000s ]
INFO: [ app_end ] --END-- [ RunTime:0.000000s ]

[ 2018-08-31T19:49:03+08:00 ] 120.236.178.120 /h5/html/jzyy20180823/haha/index.php/Home/Index/index/uri/201808311948096216.amr
INFO: [ app_init ] --START--
INFO: Run Behavior\BuildLiteBehavior [ RunTime:0.000000s ]
INFO: [ app_init ] --END-- [ RunTime:0.000000s ]
INFO: [ app_begin ] --START--
INFO: Run Behavior\ReadHtmlCacheBehavior [ RunTime:0.000000s ]
INFO: [ app_begin ] --END-- [ RunTime:0.000000s ]
INFO: [ app_end ] --START--
INFO: Run Behavior\ShowPageTraceBehavior [ RunTime:0.000000s ]
INFO: [ app_end ] --END-- [ RunTime:0.000000s ]

[ 2018-08-31T19:57:54+08:00 ] 120.236.178.120 /h5/html/jzyy20180823/haha/index.php/Home/Index/index/uri/201808311948096216.amr
INFO: [ app_init ] --START--
INFO: Run Behavior\BuildLiteBehavior [ RunTime:0.000000s ]
INFO: [ app_init ] --END-- [ RunTime:0.000000s ]
INFO: [ app_begin ] --START--
INFO: Run Behavior\ReadHtmlCacheBehavior [ RunTime:0.000000s ]
INFO: [ app_begin ] --END-- [ RunTime:0.000000s ]
NOTIC: [2] fopen(d:\wwwroot\mrgcgz\wwwroot/h5/html/jzyy20180823/haha/Uploads/201808311948096216.amr): failed to open stream: No such file or directory D:\wwwroot\mrgcgz\wwwroot\h5\html\jzyy20180823\haha\ThinkPHP\Library\Vendor\Qiniu\Storage\UploadManager.class.php 第 89 行.
ERR: file can not open

[ 2018-08-31T19:58:11+08:00 ] 120.236.178.120 /h5/html/jzyy20180823/haha/index.php/Home/Index/index/uri/201808311957279490.amr
INFO: [ app_init ] --START--
INFO: Run Behavior\BuildLiteBehavior [ RunTime:0.000000s ]
INFO: [ app_init ] --END-- [ RunTime:0.000000s ]
INFO: [ app_begin ] --START--
INFO: Run Behavior\ReadHtmlCacheBehavior [ RunTime:0.000000s ]
INFO: [ app_begin ] --END-- [ RunTime:0.000000s ]
INFO: [ app_end ] --START--
INFO: Run Behavior\ShowPageTraceBehavior [ RunTime:0.000000s ]
INFO: [ app_end ] --END-- [ RunTime:0.000000s ]

[ 2018-08-31T20:07:40+08:00 ] 120.236.178.120 /h5/html/jzyy20180823/haha/index.php/Home/Index/index/uri/201808312006531630.amr
INFO: [ app_init ] --START--
INFO: Run Behavior\BuildLiteBehavior [ RunTime:0.000000s ]
INFO: [ app_init ] --END-- [ RunTime:0.000000s ]
INFO: [ app_begin ] --START--
INFO: Run Behavior\ReadHtmlCacheBehavior [ RunTime:0.000000s ]
INFO: [ app_begin ] --END-- [ RunTime:0.000000s ]
INFO: [ app_end ] --START--
INFO: Run Behavior\ShowPageTraceBehavior [ RunTime:0.000000s ]
INFO: [ app_end ] --END-- [ RunTime:0.000000s ]

[ 2018-08-31T20:10:02+08:00 ] 120.236.178.120 /h5/html/jzyy20180823/haha/index.php/Home/Index/index/uri/201808312009396483.amr
INFO: [ app_init ] --START--
INFO: Run Behavior\BuildLiteBehavior [ RunTime:0.000000s ]
INFO: [ app_init ] --END-- [ RunTime:0.000000s ]
INFO: [ app_begin ] --START--
INFO: Run Behavior\ReadHtmlCacheBehavior [ RunTime:0.000000s ]
INFO: [ app_begin ] --END-- [ RunTime:0.000000s ]
INFO: [ app_end ] --START--
INFO: Run Behavior\ShowPageTraceBehavior [ RunTime:0.000000s ]
INFO: [ app_end ] --END-- [ RunTime:0.000000s ]

[ 2018-08-31T20:10:20+08:00 ] 120.236.178.120 /h5/html/jzyy20180823/haha/index.php/Home/Index/index/uri/201808312009396483.amr
INFO: [ app_init ] --START--
INFO: Run Behavior\BuildLiteBehavior [ RunTime:0.000000s ]
INFO: [ app_init ] --END-- [ RunTime:0.000000s ]
INFO: [ app_begin ] --START--
INFO: Run Behavior\ReadHtmlCacheBehavior [ RunTime:0.000000s ]
INFO: [ app_begin ] --END-- [ RunTime:0.000000s ]
INFO: [ app_end ] --START--
INFO: Run Behavior\ShowPageTraceBehavior [ RunTime:0.000000s ]
INFO: [ app_end ] --END-- [ RunTime:0.000000s ]

[ 2018-08-31T20:21:25+08:00 ] 220.181.132.200 /h5/html/jzyy20180823/haha/index.php/Home/Index/index/uri/201808311848284602.amr
INFO: [ app_init ] --START--
INFO: Run Behavior\BuildLiteBehavior [ RunTime:0.000000s ]
INFO: [ app_init ] --END-- [ RunTime:0.000000s ]
INFO: [ app_begin ] --START--
INFO: Run Behavior\ReadHtmlCacheBehavior [ RunTime:0.000000s ]
INFO: [ app_begin ] --END-- [ RunTime:0.000000s ]
NOTIC: [2] fopen(d:\wwwroot\mrgcgz\wwwroot/h5/html/jzyy20180823/haha/Uploads/201808311848284602.amr): failed to open stream: No such file or directory D:\wwwroot\mrgcgz\wwwroot\h5\html\jzyy20180823\haha\ThinkPHP\Library\Vendor\Qiniu\Storage\UploadManager.class.php 第 89 行.
ERR: file can not open

[ 2018-08-31T20:21:34+08:00 ] 220.181.132.200 /h5/html/jzyy20180823/haha/index.php/Home/Index/index/uri/201808311848284602.amr
INFO: [ app_init ] --START--
INFO: Run Behavior\BuildLiteBehavior [ RunTime:0.000000s ]
INFO: [ app_init ] --END-- [ RunTime:0.000000s ]
INFO: [ app_begin ] --START--
INFO: Run Behavior\ReadHtmlCacheBehavior [ RunTime:0.000000s ]
INFO: [ app_begin ] --END-- [ RunTime:0.000000s ]
NOTIC: [2] fopen(d:\wwwroot\mrgcgz\wwwroot/h5/html/jzyy20180823/haha/Uploads/201808311848284602.amr): failed to open stream: No such file or directory D:\wwwroot\mrgcgz\wwwroot\h5\html\jzyy20180823\haha\ThinkPHP\Library\Vendor\Qiniu\Storage\UploadManager.class.php 第 89 行.
ERR: file can not open

[ 2018-08-31T20:21:40+08:00 ] 120.236.178.120 /h5/html/jzyy20180823/haha/index.php/Home/Index/index/uri/201808312018195039.amr
INFO: [ app_init ] --START--
INFO: Run Behavior\BuildLiteBehavior [ RunTime:0.000000s ]
INFO: [ app_init ] --END-- [ RunTime:0.000000s ]
INFO: [ app_begin ] --START--
INFO: Run Behavior\ReadHtmlCacheBehavior [ RunTime:0.000000s ]
INFO: [ app_begin ] --END-- [ RunTime:0.000000s ]
INFO: [ app_end ] --START--
INFO: Run Behavior\ShowPageTraceBehavior [ RunTime:0.015625s ]
INFO: [ app_end ] --END-- [ RunTime:0.015625s ]

[ 2018-08-31T20:21:44+08:00 ] 101.199.112.49 /h5/html/jzyy20180823/haha/index.php/Home/Index/index/uri/201808311848284602.amr
INFO: [ app_init ] --START--
INFO: Run Behavior\BuildLiteBehavior [ RunTime:0.000000s ]
INFO: [ app_init ] --END-- [ RunTime:0.000000s ]
INFO: [ app_begin ] --START--
INFO: Run Behavior\ReadHtmlCacheBehavior [ RunTime:0.015625s ]
INFO: [ app_begin ] --END-- [ RunTime:0.015625s ]
NOTIC: [2] fopen(d:\wwwroot\mrgcgz\wwwroot/h5/html/jzyy20180823/haha/Uploads/201808311848284602.amr): failed to open stream: No such file or directory D:\wwwroot\mrgcgz\wwwroot\h5\html\jzyy20180823\haha\ThinkPHP\Library\Vendor\Qiniu\Storage\UploadManager.class.php 第 89 行.
ERR: file can not open

[ 2018-08-31T20:21:51+08:00 ] 101.199.112.49 /h5/html/jzyy20180823/haha/index.php/Home/Index/index/uri/201808311848284602.amr
INFO: [ app_init ] --START--
INFO: Run Behavior\BuildLiteBehavior [ RunTime:0.000000s ]
INFO: [ app_init ] --END-- [ RunTime:0.000000s ]
INFO: [ app_begin ] --START--
INFO: Run Behavior\ReadHtmlCacheBehavior [ RunTime:0.000000s ]
INFO: [ app_begin ] --END-- [ RunTime:0.000000s ]
NOTIC: [2] fopen(d:\wwwroot\mrgcgz\wwwroot/h5/html/jzyy20180823/haha/Uploads/201808311848284602.amr): failed to open stream: No such file or directory D:\wwwroot\mrgcgz\wwwroot\h5\html\jzyy20180823\haha\ThinkPHP\Library\Vendor\Qiniu\Storage\UploadManager.class.php 第 89 行.
ERR: file can not open

[ 2018-08-31T20:21:51+08:00 ] 101.199.112.49 /h5/html/jzyy20180823/haha/index.php/Home/Index/index/uri/201808311848284602.amr
INFO: [ app_init ] --START--
INFO: Run Behavior\BuildLiteBehavior [ RunTime:0.000000s ]
INFO: [ app_init ] --END-- [ RunTime:0.000000s ]
INFO: [ app_begin ] --START--
INFO: Run Behavior\ReadHtmlCacheBehavior [ RunTime:0.000000s ]
INFO: [ app_begin ] --END-- [ RunTime:0.000000s ]
NOTIC: [2] fopen(d:\wwwroot\mrgcgz\wwwroot/h5/html/jzyy20180823/haha/Uploads/201808311848284602.amr): failed to open stream: No such file or directory D:\wwwroot\mrgcgz\wwwroot\h5\html\jzyy20180823\haha\ThinkPHP\Library\Vendor\Qiniu\Storage\UploadManager.class.php 第 89 行.
ERR: file can not open

[ 2018-08-31T20:21:55+08:00 ] 101.199.112.49 /h5/html/jzyy20180823/haha/index.php/Home/Index/index/uri/201808311848284602.amr
INFO: [ app_init ] --START--
INFO: Run Behavior\BuildLiteBehavior [ RunTime:0.000000s ]
INFO: [ app_init ] --END-- [ RunTime:0.000000s ]
INFO: [ app_begin ] --START--
INFO: Run Behavior\ReadHtmlCacheBehavior [ RunTime:0.000000s ]
INFO: [ app_begin ] --END-- [ RunTime:0.000000s ]
NOTIC: [2] fopen(d:\wwwroot\mrgcgz\wwwroot/h5/html/jzyy20180823/haha/Uploads/201808311848284602.amr): failed to open stream: No such file or directory D:\wwwroot\mrgcgz\wwwroot\h5\html\jzyy20180823\haha\ThinkPHP\Library\Vendor\Qiniu\Storage\UploadManager.class.php 第 89 行.
ERR: file can not open

[ 2018-08-31T20:21:59+08:00 ] 101.199.112.49 /h5/html/jzyy20180823/haha/index.php/Home/Index/index/uri/201808311848284602.amr
INFO: [ app_init ] --START--
INFO: Run Behavior\BuildLiteBehavior [ RunTime:0.000000s ]
INFO: [ app_init ] --END-- [ RunTime:0.000000s ]
INFO: [ app_begin ] --START--
INFO: Run Behavior\ReadHtmlCacheBehavior [ RunTime:0.000000s ]
INFO: [ app_begin ] --END-- [ RunTime:0.000000s ]
NOTIC: [2] fopen(d:\wwwroot\mrgcgz\wwwroot/h5/html/jzyy20180823/haha/Uploads/201808311848284602.amr): failed to open stream: No such file or directory D:\wwwroot\mrgcgz\wwwroot\h5\html\jzyy20180823\haha\ThinkPHP\Library\Vendor\Qiniu\Storage\UploadManager.class.php 第 89 行.
ERR: file can not open

[ 2018-08-31T20:21:59+08:00 ] 101.199.112.49 /h5/html/jzyy20180823/haha/index.php/Home/Index/index/uri/201808311848284602.amr
INFO: [ app_init ] --START--
INFO: Run Behavior\BuildLiteBehavior [ RunTime:0.000000s ]
INFO: [ app_init ] --END-- [ RunTime:0.000000s ]
INFO: [ app_begin ] --START--
INFO: Run Behavior\ReadHtmlCacheBehavior [ RunTime:0.000000s ]
INFO: [ app_begin ] --END-- [ RunTime:0.000000s ]
NOTIC: [2] fopen(d:\wwwroot\mrgcgz\wwwroot/h5/html/jzyy20180823/haha/Uploads/201808311848284602.amr): failed to open stream: No such file or directory D:\wwwroot\mrgcgz\wwwroot\h5\html\jzyy20180823\haha\ThinkPHP\Library\Vendor\Qiniu\Storage\UploadManager.class.php 第 89 行.
ERR: file can not open

[ 2018-08-31T20:26:55+08:00 ] 120.236.178.120 /h5/html/jzyy20180823/haha/index.php/Home/Index/index/uri/201808312025315923.amr
INFO: [ app_init ] --START--
INFO: Run Behavior\BuildLiteBehavior [ RunTime:0.000000s ]
INFO: [ app_init ] --END-- [ RunTime:0.000000s ]
INFO: [ app_begin ] --START--
INFO: Run Behavior\ReadHtmlCacheBehavior [ RunTime:0.000000s ]
INFO: [ app_begin ] --END-- [ RunTime:0.000000s ]
INFO: [ app_end ] --START--
INFO: Run Behavior\ShowPageTraceBehavior [ RunTime:0.015625s ]
INFO: [ app_end ] --END-- [ RunTime:0.015625s ]

[ 2018-08-31T20:44:50+08:00 ] 120.236.178.120 /h5/html/jzyy20180823/haha/index.php/Home/Index/index/uri/201808312040235626.amr
INFO: [ app_init ] --START--
INFO: Run Behavior\BuildLiteBehavior [ RunTime:0.000000s ]
INFO: [ app_init ] --END-- [ RunTime:0.000000s ]
INFO: [ app_begin ] --START--
INFO: Run Behavior\ReadHtmlCacheBehavior [ RunTime:0.000000s ]
INFO: [ app_begin ] --END-- [ RunTime:0.000000s ]
INFO: [ app_end ] --START--
INFO: Run Behavior\ShowPageTraceBehavior [ RunTime:0.000000s ]
INFO: [ app_end ] --END-- [ RunTime:0.000000s ]

[ 2018-08-31T20:49:06+08:00 ] 127.0.0.1 /h5/html/jzyy20180823/haha/index.php/Home/Index/index/uri/201808312049047464.amr
INFO: [ app_init ] --START--
INFO: Run Behavior\BuildLiteBehavior [ RunTime:0.000000s ]
INFO: [ app_init ] --END-- [ RunTime:0.000000s ]
INFO: [ app_begin ] --START--
INFO: Run Behavior\ReadHtmlCacheBehavior [ RunTime:0.000000s ]
INFO: [ app_begin ] --END-- [ RunTime:0.000000s ]
INFO: [ app_end ] --START--
INFO: Run Behavior\ShowPageTraceBehavior [ RunTime:0.015625s ]
INFO: [ app_end ] --END-- [ RunTime:0.015625s ]

[ 2018-08-31T20:56:13+08:00 ] 127.0.0.1 /h5/html/jzyy20180823/haha/index.php/Home/Index/index/uri/201808312056123455.amr
INFO: [ app_init ] --START--
INFO: Run Behavior\BuildLiteBehavior [ RunTime:0.000000s ]
INFO: [ app_init ] --END-- [ RunTime:0.000000s ]
INFO: [ app_begin ] --START--
INFO: Run Behavior\ReadHtmlCacheBehavior [ RunTime:0.000000s ]
INFO: [ app_begin ] --END-- [ RunTime:0.000000s ]
INFO: [ app_end ] --START--
INFO: Run Behavior\ShowPageTraceBehavior [ RunTime:0.000000s ]
INFO: [ app_end ] --END-- [ RunTime:0.000000s ]

[ 2018-08-31T20:57:58+08:00 ] 127.0.0.1 /h5/html/jzyy20180823/haha/index.php/Home/Index/index/uri/201808312057571659.amr
INFO: [ app_init ] --START--
INFO: Run Behavior\BuildLiteBehavior [ RunTime:0.000000s ]
INFO: [ app_init ] --END-- [ RunTime:0.000000s ]
INFO: [ app_begin ] --START--
INFO: Run Behavior\ReadHtmlCacheBehavior [ RunTime:0.015625s ]
INFO: [ app_begin ] --END-- [ RunTime:0.015625s ]
INFO: [ app_end ] --START--
INFO: Run Behavior\ShowPageTraceBehavior [ RunTime:0.000000s ]
INFO: [ app_end ] --END-- [ RunTime:0.000000s ]

[ 2018-08-31T21:04:21+08:00 ] 127.0.0.1 /h5/html/jzyy20180823/haha/index.php/Home/Index/index/uri/201808312104154103.amr
INFO: [ app_init ] --START--
INFO: Run Behavior\BuildLiteBehavior [ RunTime:0.000000s ]
INFO: [ app_init ] --END-- [ RunTime:0.000000s ]
INFO: [ app_begin ] --START--
INFO: Run Behavior\ReadHtmlCacheBehavior [ RunTime:0.000000s ]
INFO: [ app_begin ] --END-- [ RunTime:0.000000s ]
INFO: [ app_end ] --START--
INFO: Run Behavior\ShowPageTraceBehavior [ RunTime:0.000000s ]
INFO: [ app_end ] --END-- [ RunTime:0.000000s ]

[ 2018-08-31T21:06:38+08:00 ] 127.0.0.1 /h5/html/jzyy20180823/haha/index.php/Home/Index/index/uri/201808312106386350.amr
INFO: [ app_init ] --START--
INFO: Run Behavior\BuildLiteBehavior [ RunTime:0.000000s ]
INFO: [ app_init ] --END-- [ RunTime:0.000000s ]
INFO: [ app_begin ] --START--
INFO: Run Behavior\ReadHtmlCacheBehavior [ RunTime:0.015625s ]
INFO: [ app_begin ] --END-- [ RunTime:0.015625s ]
INFO: [ app_end ] --START--
INFO: Run Behavior\ShowPageTraceBehavior [ RunTime:0.015625s ]
INFO: [ app_end ] --END-- [ RunTime:0.015625s ]

[ 2018-08-31T21:07:40+08:00 ] 101.199.110.110 /h5/html/jzyy20180823/haha/index.php/Home/Index/index/uri/201808312009396483.amr
INFO: [ app_init ] --START--
INFO: Run Behavior\BuildLiteBehavior [ RunTime:0.000000s ]
INFO: [ app_init ] --END-- [ RunTime:0.015625s ]
INFO: [ app_begin ] --START--
INFO: Run Behavior\ReadHtmlCacheBehavior [ RunTime:0.000000s ]
INFO: [ app_begin ] --END-- [ RunTime:0.000000s ]
NOTIC: [2] fopen(d:\wwwroot\mrgcgz\wwwroot/h5/html/jzyy20180823/haha/Uploads/201808312009396483.amr): failed to open stream: No such file or directory D:\wwwroot\mrgcgz\wwwroot\h5\html\jzyy20180823\haha\ThinkPHP\Library\Vendor\Qiniu\Storage\UploadManager.class.php 第 89 行.
ERR: file can not open

[ 2018-08-31T21:07:40+08:00 ] 101.199.110.110 /h5/html/jzyy20180823/haha/index.php/Home/Index/index/uri/201808312009396483.amr
INFO: [ app_init ] --START--
INFO: Run Behavior\BuildLiteBehavior [ RunTime:0.000000s ]
INFO: [ app_init ] --END-- [ RunTime:0.000000s ]
INFO: [ app_begin ] --START--
INFO: Run Behavior\ReadHtmlCacheBehavior [ RunTime:0.000000s ]
INFO: [ app_begin ] --END-- [ RunTime:0.000000s ]
NOTIC: [2] fopen(d:\wwwroot\mrgcgz\wwwroot/h5/html/jzyy20180823/haha/Uploads/201808312009396483.amr): failed to open stream: No such file or directory D:\wwwroot\mrgcgz\wwwroot\h5\html\jzyy20180823\haha\ThinkPHP\Library\Vendor\Qiniu\Storage\UploadManager.class.php 第 89 行.
ERR: file can not open

[ 2018-08-31T21:07:48+08:00 ] 101.199.108.118 /h5/html/jzyy20180823/haha/index.php/Home/Index/index/uri/201808312009396483.amr
INFO: [ app_init ] --START--
INFO: Run Behavior\BuildLiteBehavior [ RunTime:0.000000s ]
INFO: [ app_init ] --END-- [ RunTime:0.000000s ]
INFO: [ app_begin ] --START--
INFO: Run Behavior\ReadHtmlCacheBehavior [ RunTime:0.000000s ]
INFO: [ app_begin ] --END-- [ RunTime:0.000000s ]
NOTIC: [2] fopen(d:\wwwroot\mrgcgz\wwwroot/h5/html/jzyy20180823/haha/Uploads/201808312009396483.amr): failed to open stream: No such file or directory D:\wwwroot\mrgcgz\wwwroot\h5\html\jzyy20180823\haha\ThinkPHP\Library\Vendor\Qiniu\Storage\UploadManager.class.php 第 89 行.
ERR: file can not open

[ 2018-08-31T21:07:48+08:00 ] 101.199.108.118 /h5/html/jzyy20180823/haha/index.php/Home/Index/index/uri/201808312009396483.amr
INFO: [ app_init ] --START--
INFO: Run Behavior\BuildLiteBehavior [ RunTime:0.000000s ]
INFO: [ app_init ] --END-- [ RunTime:0.000000s ]
INFO: [ app_begin ] --START--
INFO: Run Behavior\ReadHtmlCacheBehavior [ RunTime:0.000000s ]
INFO: [ app_begin ] --END-- [ RunTime:0.000000s ]
NOTIC: [2] fopen(d:\wwwroot\mrgcgz\wwwroot/h5/html/jzyy20180823/haha/Uploads/201808312009396483.amr): failed to open stream: No such file or directory D:\wwwroot\mrgcgz\wwwroot\h5\html\jzyy20180823\haha\ThinkPHP\Library\Vendor\Qiniu\Storage\UploadManager.class.php 第 89 行.
ERR: file can not open

[ 2018-08-31T21:07:48+08:00 ] 101.199.108.118 /h5/html/jzyy20180823/haha/index.php/Home/Index/index/uri/201808312009396483.amr
INFO: [ app_init ] --START--
INFO: Run Behavior\BuildLiteBehavior [ RunTime:0.000000s ]
INFO: [ app_init ] --END-- [ RunTime:0.000000s ]
INFO: [ app_begin ] --START--
INFO: Run Behavior\ReadHtmlCacheBehavior [ RunTime:0.000000s ]
INFO: [ app_begin ] --END-- [ RunTime:0.000000s ]
NOTIC: [2] fopen(d:\wwwroot\mrgcgz\wwwroot/h5/html/jzyy20180823/haha/Uploads/201808312009396483.amr): failed to open stream: No such file or directory D:\wwwroot\mrgcgz\wwwroot\h5\html\jzyy20180823\haha\ThinkPHP\Library\Vendor\Qiniu\Storage\UploadManager.class.php 第 89 行.
ERR: file can not open

[ 2018-08-31T21:07:52+08:00 ] 101.199.108.118 /h5/html/jzyy20180823/haha/index.php/Home/Index/index/uri/201808312009396483.amr
INFO: [ app_init ] --START--
INFO: Run Behavior\BuildLiteBehavior [ RunTime:0.000000s ]
INFO: [ app_init ] --END-- [ RunTime:0.000000s ]
INFO: [ app_begin ] --START--
INFO: Run Behavior\ReadHtmlCacheBehavior [ RunTime:0.000000s ]
INFO: [ app_begin ] --END-- [ RunTime:0.000000s ]
NOTIC: [2] fopen(d:\wwwroot\mrgcgz\wwwroot/h5/html/jzyy20180823/haha/Uploads/201808312009396483.amr): failed to open stream: No such file or directory D:\wwwroot\mrgcgz\wwwroot\h5\html\jzyy20180823\haha\ThinkPHP\Library\Vendor\Qiniu\Storage\UploadManager.class.php 第 89 行.
ERR: file can not open

[ 2018-08-31T21:07:52+08:00 ] 101.199.108.118 /h5/html/jzyy20180823/haha/index.php/Home/Index/index/uri/201808312009396483.amr
INFO: [ app_init ] --START--
INFO: Run Behavior\BuildLiteBehavior [ RunTime:0.000000s ]
INFO: [ app_init ] --END-- [ RunTime:0.000000s ]
INFO: [ app_begin ] --START--
INFO: Run Behavior\ReadHtmlCacheBehavior [ RunTime:0.015625s ]
INFO: [ app_begin ] --END-- [ RunTime:0.015625s ]
NOTIC: [2] fopen(d:\wwwroot\mrgcgz\wwwroot/h5/html/jzyy20180823/haha/Uploads/201808312009396483.amr): failed to open stream: No such file or directory D:\wwwroot\mrgcgz\wwwroot\h5\html\jzyy20180823\haha\ThinkPHP\Library\Vendor\Qiniu\Storage\UploadManager.class.php 第 89 行.
ERR: file can not open

[ 2018-08-31T21:07:52+08:00 ] 101.199.108.118 /h5/html/jzyy20180823/haha/index.php/Home/Index/index/uri/201808312009396483.amr
INFO: [ app_init ] --START--
INFO: Run Behavior\BuildLiteBehavior [ RunTime:0.000000s ]
INFO: [ app_init ] --END-- [ RunTime:0.015625s ]
INFO: [ app_begin ] --START--
INFO: Run Behavior\ReadHtmlCacheBehavior [ RunTime:0.000000s ]
INFO: [ app_begin ] --END-- [ RunTime:0.000000s ]
NOTIC: [2] fopen(d:\wwwroot\mrgcgz\wwwroot/h5/html/jzyy20180823/haha/Uploads/201808312009396483.amr): failed to open stream: No such file or directory D:\wwwroot\mrgcgz\wwwroot\h5\html\jzyy20180823\haha\ThinkPHP\Library\Vendor\Qiniu\Storage\UploadManager.class.php 第 89 行.
ERR: file can not open

[ 2018-08-31T21:10:14+08:00 ] 127.0.0.1 /h5/html/jzyy20180823/haha/index.php/Home/Index/index/uri/201808312110133210.amr
INFO: [ app_init ] --START--
INFO: Run Behavior\BuildLiteBehavior [ RunTime:0.000000s ]
INFO: [ app_init ] --END-- [ RunTime:0.000000s ]
INFO: [ app_begin ] --START--
INFO: Run Behavior\ReadHtmlCacheBehavior [ RunTime:0.000000s ]
INFO: [ app_begin ] --END-- [ RunTime:0.000000s ]
INFO: [ app_end ] --START--
INFO: Run Behavior\ShowPageTraceBehavior [ RunTime:0.000000s ]
INFO: [ app_end ] --END-- [ RunTime:0.000000s ]

[ 2018-08-31T21:25:57+08:00 ] 42.236.10.106 /h5/html/jzyy20180823/haha/index.php/Home/Index/index/uri/201808311948096216.amr
INFO: [ app_init ] --START--
INFO: Run Behavior\BuildLiteBehavior [ RunTime:0.000000s ]
INFO: [ app_init ] --END-- [ RunTime:0.000000s ]
INFO: [ app_begin ] --START--
INFO: Run Behavior\ReadHtmlCacheBehavior [ RunTime:0.000000s ]
INFO: [ app_begin ] --END-- [ RunTime:0.000000s ]
NOTIC: [2] fopen(d:\wwwroot\mrgcgz\wwwroot/h5/html/jzyy20180823/haha/Uploads/201808311948096216.amr): failed to open stream: No such file or directory D:\wwwroot\mrgcgz\wwwroot\h5\html\jzyy20180823\haha\ThinkPHP\Library\Vendor\Qiniu\Storage\UploadManager.class.php 第 89 行.
ERR: file can not open

[ 2018-08-31T21:26:06+08:00 ] 220.181.132.199 /h5/html/jzyy20180823/haha/index.php/Home/Index/index/uri/201808311948096216.amr
INFO: [ app_init ] --START--
INFO: Run Behavior\BuildLiteBehavior [ RunTime:0.000000s ]
INFO: [ app_init ] --END-- [ RunTime:0.000000s ]
INFO: [ app_begin ] --START--
INFO: Run Behavior\ReadHtmlCacheBehavior [ RunTime:0.000000s ]
INFO: [ app_begin ] --END-- [ RunTime:0.000000s ]
NOTIC: [2] fopen(d:\wwwroot\mrgcgz\wwwroot/h5/html/jzyy20180823/haha/Uploads/201808311948096216.amr): failed to open stream: No such file or directory D:\wwwroot\mrgcgz\wwwroot\h5\html\jzyy20180823\haha\ThinkPHP\Library\Vendor\Qiniu\Storage\UploadManager.class.php 第 89 行.
ERR: file can not open

[ 2018-08-31T21:26:06+08:00 ] 220.181.132.199 /h5/html/jzyy20180823/haha/index.php/Home/Index/index/uri/201808311948096216.amr
INFO: [ app_init ] --START--
INFO: Run Behavior\BuildLiteBehavior [ RunTime:0.000000s ]
INFO: [ app_init ] --END-- [ RunTime:0.000000s ]
INFO: [ app_begin ] --START--
INFO: Run Behavior\ReadHtmlCacheBehavior [ RunTime:0.000000s ]
INFO: [ app_begin ] --END-- [ RunTime:0.000000s ]
NOTIC: [2] fopen(d:\wwwroot\mrgcgz\wwwroot/h5/html/jzyy20180823/haha/Uploads/201808311948096216.amr): failed to open stream: No such file or directory D:\wwwroot\mrgcgz\wwwroot\h5\html\jzyy20180823\haha\ThinkPHP\Library\Vendor\Qiniu\Storage\UploadManager.class.php 第 89 行.
ERR: file can not open

[ 2018-08-31T21:26:06+08:00 ] 220.181.132.199 /h5/html/jzyy20180823/haha/index.php/Home/Index/index/uri/201808311948096216.amr
INFO: [ app_init ] --START--
INFO: Run Behavior\BuildLiteBehavior [ RunTime:0.000000s ]
INFO: [ app_init ] --END-- [ RunTime:0.000000s ]
INFO: [ app_begin ] --START--
INFO: Run Behavior\ReadHtmlCacheBehavior [ RunTime:0.000000s ]
INFO: [ app_begin ] --END-- [ RunTime:0.000000s ]
NOTIC: [2] fopen(d:\wwwroot\mrgcgz\wwwroot/h5/html/jzyy20180823/haha/Uploads/201808311948096216.amr): failed to open stream: No such file or directory D:\wwwroot\mrgcgz\wwwroot\h5\html\jzyy20180823\haha\ThinkPHP\Library\Vendor\Qiniu\Storage\UploadManager.class.php 第 89 行.
ERR: file can not open

[ 2018-08-31T21:26:09+08:00 ] 220.181.132.199 /h5/html/jzyy20180823/haha/index.php/Home/Index/index/uri/201808311948096216.amr
INFO: [ app_init ] --START--
INFO: Run Behavior\BuildLiteBehavior [ RunTime:0.000000s ]
INFO: [ app_init ] --END-- [ RunTime:0.000000s ]
INFO: [ app_begin ] --START--
INFO: Run Behavior\ReadHtmlCacheBehavior [ RunTime:0.015625s ]
INFO: [ app_begin ] --END-- [ RunTime:0.015625s ]
NOTIC: [2] fopen(d:\wwwroot\mrgcgz\wwwroot/h5/html/jzyy20180823/haha/Uploads/201808311948096216.amr): failed to open stream: No such file or directory D:\wwwroot\mrgcgz\wwwroot\h5\html\jzyy20180823\haha\ThinkPHP\Library\Vendor\Qiniu\Storage\UploadManager.class.php 第 89 行.
ERR: file can not open

[ 2018-08-31T21:26:10+08:00 ] 220.181.132.199 /h5/html/jzyy20180823/haha/index.php/Home/Index/index/uri/201808311948096216.amr
INFO: [ app_init ] --START--
INFO: Run Behavior\BuildLiteBehavior [ RunTime:0.000000s ]
INFO: [ app_init ] --END-- [ RunTime:0.000000s ]
INFO: [ app_begin ] --START--
INFO: Run Behavior\ReadHtmlCacheBehavior [ RunTime:0.000000s ]
INFO: [ app_begin ] --END-- [ RunTime:0.000000s ]
NOTIC: [2] fopen(d:\wwwroot\mrgcgz\wwwroot/h5/html/jzyy20180823/haha/Uploads/201808311948096216.amr): failed to open stream: No such file or directory D:\wwwroot\mrgcgz\wwwroot\h5\html\jzyy20180823\haha\ThinkPHP\Library\Vendor\Qiniu\Storage\UploadManager.class.php 第 89 行.
ERR: file can not open

[ 2018-08-31T21:26:10+08:00 ] 220.181.132.199 /h5/html/jzyy20180823/haha/index.php/Home/Index/index/uri/201808311948096216.amr
INFO: [ app_init ] --START--
INFO: Run Behavior\BuildLiteBehavior [ RunTime:0.000000s ]
INFO: [ app_init ] --END-- [ RunTime:0.000000s ]
INFO: [ app_begin ] --START--
INFO: Run Behavior\ReadHtmlCacheBehavior [ RunTime:0.000000s ]
INFO: [ app_begin ] --END-- [ RunTime:0.000000s ]
NOTIC: [2] fopen(d:\wwwroot\mrgcgz\wwwroot/h5/html/jzyy20180823/haha/Uploads/201808311948096216.amr): failed to open stream: No such file or directory D:\wwwroot\mrgcgz\wwwroot\h5\html\jzyy20180823\haha\ThinkPHP\Library\Vendor\Qiniu\Storage\UploadManager.class.php 第 89 行.
ERR: file can not open

[ 2018-08-31T23:02:30+08:00 ] 127.0.0.1 /h5/html/jzyy20180823/haha/index.php/Home/Index/index/uri/201808312302296838.amr
INFO: [ app_init ] --START--
INFO: Run Behavior\BuildLiteBehavior [ RunTime:0.000000s ]
INFO: [ app_init ] --END-- [ RunTime:0.000000s ]
INFO: [ app_begin ] --START--
INFO: Run Behavior\ReadHtmlCacheBehavior [ RunTime:0.000000s ]
INFO: [ app_begin ] --END-- [ RunTime:0.000000s ]
INFO: [ app_end ] --START--
INFO: Run Behavior\ShowPageTraceBehavior [ RunTime:0.000000s ]
INFO: [ app_end ] --END-- [ RunTime:0.000000s ]

