[ 2018-04-24T12:00:20+08:00 ] 120.236.178.120 /h5/html/zydt20170614/haha/index.php
INFO: [ app_init ] --START--
INFO: Run Behavior\BuildLiteBehavior [ RunTime:0.000000s ]
INFO: [ app_init ] --END-- [ RunTime:0.000000s ]
INFO: [ app_begin ] --START--
INFO: Run Behavior\ReadHtmlCacheBehavior [ RunTime:0.000000s ]
INFO: [ app_begin ] --END-- [ RunTime:0.000000s ]
NOTIC: [8] Undefined index: uri D:\wwwroot\mrgcgz\wwwroot\h5\html\zydt20170614\haha\Application\Home\Controller\IndexController.class.php 第 22 行.
NOTIC: [2] fopen(d:\wwwroot\mrgcgz\wwwroot/h5/html/zydt20170614/haha/Uploads/): failed to open stream: No such file or directory D:\wwwroot\mrgcgz\wwwroot\h5\html\zydt20170614\haha\ThinkPHP\Library\Vendor\Qiniu\Storage\UploadManager.class.php 第 89 行.
ERR: file can not open

[ 2018-04-24T12:07:05+08:00 ] 120.236.178.120 /h5/html/zydt20170614/haha/
INFO: [ app_init ] --START--
INFO: Run Behavior\BuildLiteBehavior [ RunTime:0.000000s ]
INFO: [ app_init ] --END-- [ RunTime:0.000000s ]
INFO: [ app_begin ] --START--
INFO: Run Behavior\ReadHtmlCacheBehavior [ RunTime:0.000000s ]
INFO: [ app_begin ] --END-- [ RunTime:0.000000s ]
NOTIC: [8] Undefined index: uri D:\wwwroot\mrgcgz\wwwroot\h5\html\zydt20170614\haha\Application\Home\Controller\IndexController.class.php 第 22 行.
NOTIC: [2] fopen(d:\wwwroot\mrgcgz\wwwroot/h5/html/zydt20170614/haha/Uploads/): failed to open stream: No such file or directory D:\wwwroot\mrgcgz\wwwroot\h5\html\zydt20170614\haha\ThinkPHP\Library\Vendor\Qiniu\Storage\UploadManager.class.php 第 89 行.
ERR: file can not open

[ 2018-04-24T12:07:10+08:00 ] 120.236.178.120 /h5/html/zydt20170614/haha/index.php
INFO: [ app_init ] --START--
INFO: Run Behavior\BuildLiteBehavior [ RunTime:0.000000s ]
INFO: [ app_init ] --END-- [ RunTime:0.000000s ]
INFO: [ app_begin ] --START--
INFO: Run Behavior\ReadHtmlCacheBehavior [ RunTime:0.000000s ]
INFO: [ app_begin ] --END-- [ RunTime:0.000000s ]
NOTIC: [8] Undefined index: uri D:\wwwroot\mrgcgz\wwwroot\h5\html\zydt20170614\haha\Application\Home\Controller\IndexController.class.php 第 22 行.
NOTIC: [2] fopen(d:\wwwroot\mrgcgz\wwwroot/h5/html/zydt20170614/haha/Uploads/): failed to open stream: No such file or directory D:\wwwroot\mrgcgz\wwwroot\h5\html\zydt20170614\haha\ThinkPHP\Library\Vendor\Qiniu\Storage\UploadManager.class.php 第 89 行.
ERR: file can not open

[ 2018-04-24T12:07:15+08:00 ] 120.236.178.120 /h5/html/zydt20170614/haha/index.php
INFO: [ app_init ] --START--
INFO: Run Behavior\BuildLiteBehavior [ RunTime:0.000000s ]
INFO: [ app_init ] --END-- [ RunTime:0.000000s ]
INFO: [ app_begin ] --START--
INFO: Run Behavior\ReadHtmlCacheBehavior [ RunTime:0.000000s ]
INFO: [ app_begin ] --END-- [ RunTime:0.000000s ]
NOTIC: [8] Undefined index: uri D:\wwwroot\mrgcgz\wwwroot\h5\html\zydt20170614\haha\Application\Home\Controller\IndexController.class.php 第 22 行.
NOTIC: [2] fopen(d:\wwwroot\mrgcgz\wwwroot/h5/html/zydt20170614/haha/Uploads/): failed to open stream: No such file or directory D:\wwwroot\mrgcgz\wwwroot\h5\html\zydt20170614\haha\ThinkPHP\Library\Vendor\Qiniu\Storage\UploadManager.class.php 第 89 行.
ERR: file can not open

[ 2018-04-24T12:08:45+08:00 ] 120.236.178.120 /h5/html/zydt20170614/haha/index.php
INFO: [ app_init ] --START--
INFO: Run Behavior\BuildLiteBehavior [ RunTime:0.000000s ]
INFO: [ app_init ] --END-- [ RunTime:0.000000s ]
INFO: [ app_begin ] --START--
INFO: Run Behavior\ReadHtmlCacheBehavior [ RunTime:0.000000s ]
INFO: [ app_begin ] --END-- [ RunTime:0.000000s ]
NOTIC: [8] Undefined index: uri D:\wwwroot\mrgcgz\wwwroot\h5\html\zydt20170614\haha\Application\Home\Controller\IndexController.class.php 第 22 行.
NOTIC: [2] fopen(d:\wwwroot\mrgcgz\wwwroot/h5/html/zydt20170614/haha/Uploads/): failed to open stream: No such file or directory D:\wwwroot\mrgcgz\wwwroot\h5\html\zydt20170614\haha\ThinkPHP\Library\Vendor\Qiniu\Storage\UploadManager.class.php 第 89 行.
ERR: file can not open

[ 2018-04-24T12:08:45+08:00 ] 120.236.178.120 /h5/html/zydt20170614/haha/index.php
INFO: [ app_init ] --START--
INFO: Run Behavior\BuildLiteBehavior [ RunTime:0.000000s ]
INFO: [ app_init ] --END-- [ RunTime:0.000000s ]
INFO: [ app_begin ] --START--
INFO: Run Behavior\ReadHtmlCacheBehavior [ RunTime:0.000000s ]
INFO: [ app_begin ] --END-- [ RunTime:0.000000s ]
NOTIC: [8] Undefined index: uri D:\wwwroot\mrgcgz\wwwroot\h5\html\zydt20170614\haha\Application\Home\Controller\IndexController.class.php 第 22 行.
NOTIC: [2] fopen(d:\wwwroot\mrgcgz\wwwroot/h5/html/zydt20170614/haha/Uploads/): failed to open stream: No such file or directory D:\wwwroot\mrgcgz\wwwroot\h5\html\zydt20170614\haha\ThinkPHP\Library\Vendor\Qiniu\Storage\UploadManager.class.php 第 89 行.
ERR: file can not open

